nohup: ignoring input

> aemoz-backend@1.0.0 start
> node server.js

--- Verificando Variáveis de Ambiente ---
DB_HOST: undefined
DB_PORT: undefined
DB_USER: undefined
DB_PASSWORD: !!! UNDEFINED !!!
------------------------------------
--- ATENÇÃO: CORS LIBERADO PARA TODOS (MODO DE TESTE) ---
✅ Banco de dados inicializado com sucesso
node:events:502
      throw er; // Unhandled 'error' event
      ^

Error: listen EADDRINUSE: address already in use 0.0.0.0:3000
    at Server.setupListenHandle [as _listen2] (node:net:1937:16)
    at listenInCluster (node:net:1994:12)
    at node:net:2203:7
    at process.processTicksAndRejections (node:internal/process/task_queues:90:21)
Emitted 'error' event on Server instance at:
    at emitErrorNT (node:net:1973:8)
    at process.processTicksAndRejections (node:internal/process/task_queues:90:21) {
  code: 'EADDRINUSE',
  errno: -98,
  syscall: 'listen',
  address: '0.0.0.0',
  port: 3000
}

Node.js v22.13.0
